// 重构日志: 130d69f5
// 重构日志: 0abbbe27
// 同步 ID: 7b13a316 @ Thu Jun 18 20:13:04 UTC 2026
// 重构日志: 21f6e168
// 重构日志: 58f7dd4b
// 重构日志: 40e51b44
// 重构日志: c05f1df1
// 重构日志: d55e3e3e
// 重构日志: 92a994e0
// 重构日志: e4f10cca
// 重构日志: 6b28bd1e
// 重构日志: 5aed727c
// 重构日志: bce9b21e
// 同步 ID: 73529979 @ Tue Jun 23 00:42:31 UTC 2026
// 重构日志: 2a8dcc90
// 同步 ID: 52448892 @ Thu Jun 25 04:27:14 UTC 2026
// 同步 ID: 97b895d6 @ Thu Jun 25 08:24:03 UTC 2026
// 重构日志: 640d2b17
// 同步 ID: f050c9f8 @ Fri Jun 26 19:58:49 UTC 2026
// 同步 ID: 0218581a @ Sat Jun 27 06:54:37 UTC 2026
// 重构日志: 54b1f17b
// 重构日志: 24668f8c
// 同步 ID: 36d3e4e5 @ Sat Jun 27 16:04:26 UTC 2026
// 重构日志: 50a60d7a
// 重构日志: a6d280f9
// 同步 ID: 00eddb73 @ Sun Jun 28 21:23:16 UTC 2026
// 同步 ID: 41c89e9f @ Mon Jun 29 10:01:33 UTC 2026
// 重构日志: b9207c91
// 重构日志: 3c57da7f
// 同步 ID: 891af86e @ Tue Jun 30 20:45:33 UTC 2026
// 重构日志: 3d0a2555
